<?xml version="1.0" encoding="UTF-8"?>
<!-- Generated by org.testng.reporters.JUnitXMLReporter -->
<testsuite hostname="DELL-PC" ignored="0" name="Default test" tests="4" failures="0" timestamp="02 Sep 2018 09:54:03 GMT" time="27.383" errors="0">
  <testcase name="verify_launch" time="18.524" classname="com.ranford.functionalities.TestExecution"/>
  <testcase name="verify_login" time="6.824" classname="com.ranford.functionalities.TestExecution"/>
  <testcase name="createNewBranch" time="0.0" classname="com.ranford.functionalities.TestExecution">
    <skipped/>
  </testcase> <!-- createNewBranch -->
  <testcase name="verify_logout" time="1.808" classname="com.ranford.functionalities.TestExecution"/>
</testsuite> <!-- Default test -->
